<?xml version="1.0" encoding="UTF-8"?>
<!-- Generated by org.testng.reporters.JUnitReportReporter -->
<testsuite skipped="0" hostname="LAPTOP-4VIT3L97" name="TestCases.Annotations" tests="1" failures="0" timestamp="07 Sep 2019 10:29:01 GMT" time="0.007" errors="0">
  <testcase name="Test" time="0.007" classname="TestCases.Annotations"/>
</testsuite> <!-- TestCases.Annotations -->
